[debug] [2024-02-10T15:43:32.529Z] ----------------------------------------------------------------------
[debug] [2024-02-10T15:43:32.534Z] Command:       C:\Program Files\nodejs\node.exe C:\Users\marsa\AppData\Roaming\npm\node_modules\firebase-tools\lib\bin\firebase.js init hosting
[debug] [2024-02-10T15:43:32.535Z] CLI Version:   13.2.1
[debug] [2024-02-10T15:43:32.536Z] Platform:      win32
[debug] [2024-02-10T15:43:32.538Z] Node Version:  v18.18.2
[debug] [2024-02-10T15:43:32.547Z] Time:          Sat Feb 10 2024 17:43:32 GMT+0200 (South Africa Standard Time)
[debug] [2024-02-10T15:43:32.548Z] ----------------------------------------------------------------------
[debug] 
[debug] [2024-02-10T15:43:32.589Z] > command requires scopes: ["email","openid","https://www.googleapis.com/auth/cloudplatformprojects.readonly","https://www.googleapis.com/auth/firebase","https://www.googleapis.com/auth/cloud-platform"]
[debug] [2024-02-10T15:43:32.591Z] > authorizing via signed-in user (marsatti7784@gmail.com)
[info] 
     ######## #### ########  ######## ########     ###     ######  ########
     ##        ##  ##     ## ##       ##     ##  ##   ##  ##       ##
     ######    ##  ########  ######   ########  #########  ######  ######
     ##        ##  ##    ##  ##       ##     ## ##     ##       ## ##
     ##       #### ##     ## ######## ########  ##     ##  ######  ########

You're about to initialize a Firebase project in this directory:

  C:\Users\marsa\OneDrive\Desktop\Firebase

[info] 
=== Project Setup
[info] 
[info] First, let's associate this project directory with a Firebase project.
[info] You can create multiple project aliases by running firebase use --add, 
[info] but for now we'll just set up a default project.
[info] 
[info] i  If you want to create a project in a Google Cloud organization or folder, please use "firebase projects:create" instead, and return to this command when you've created the project. 
[debug] [2024-02-10T15:45:08.910Z] >>> [apiv2][query] POST https://cloudresourcemanager.googleapis.com/v1/projects [none]
[debug] [2024-02-10T15:45:08.919Z] >>> [apiv2][body] POST https://cloudresourcemanager.googleapis.com/v1/projects {"projectId":"Hosting","name":"Hosting"}
[debug] [2024-02-10T15:45:21.855Z] *** [apiv2] error from fetch(https://cloudresourcemanager.googleapis.com/v1/projects, {"headers":{},"method":"POST","signal":{},"body":"{\"projectId\":\"Hosting\",\"name\":\"Hosting\"}"}): FetchError: request to https://cloudresourcemanager.googleapis.com/v1/projects failed, reason: socket hang up
[debug] [2024-02-10T15:45:27.006Z] Error: Timed out.
    at Timeout._onTimeout (C:\Users\marsa\AppData\Roaming\npm\node_modules\firebase-tools\lib\utils.js:258:49)
    at listOnTimeout (node:internal/timers:569:17)
    at process.processTimers (node:internal/timers:512:7)
[error] 
[error] Error: An unexpected error has occurred.
[debug] [2024-02-10T15:49:10.778Z] ----------------------------------------------------------------------
[debug] [2024-02-10T15:49:10.782Z] Command:       C:\Program Files\nodejs\node.exe C:\Users\marsa\AppData\Roaming\npm\node_modules\firebase-tools\lib\bin\firebase.js init hosting
[debug] [2024-02-10T15:49:10.783Z] CLI Version:   13.2.1
[debug] [2024-02-10T15:49:10.783Z] Platform:      win32
[debug] [2024-02-10T15:49:10.784Z] Node Version:  v18.18.2
[debug] [2024-02-10T15:49:10.792Z] Time:          Sat Feb 10 2024 17:49:10 GMT+0200 (South Africa Standard Time)
[debug] [2024-02-10T15:49:10.792Z] ----------------------------------------------------------------------
[debug] 
[debug] [2024-02-10T15:49:10.810Z] > command requires scopes: ["email","openid","https://www.googleapis.com/auth/cloudplatformprojects.readonly","https://www.googleapis.com/auth/firebase","https://www.googleapis.com/auth/cloud-platform"]
[debug] [2024-02-10T15:49:10.811Z] > authorizing via signed-in user (marsatti7784@gmail.com)
[info] 
     ######## #### ########  ######## ########     ###     ######  ########
     ##        ##  ##     ## ##       ##     ##  ##   ##  ##       ##
     ######    ##  ########  ######   ########  #########  ######  ######
     ##        ##  ##    ##  ##       ##     ## ##     ##       ## ##
     ##       #### ##     ## ######## ########  ##     ##  ######  ########

You're about to initialize a Firebase project in this directory:

  C:\Users\marsa\OneDrive\Desktop\Firebase

[info] 
=== Project Setup
[info] 
[info] First, let's associate this project directory with a Firebase project.
[info] You can create multiple project aliases by running firebase use --add, 
[info] but for now we'll just set up a default project.
[info] 
[info] i  If you want to create a project in a Google Cloud organization or folder, please use "firebase projects:create" instead, and return to this command when you've created the project. 
[debug] [2024-02-10T15:50:04.722Z] >>> [apiv2][query] POST https://cloudresourcemanager.googleapis.com/v1/projects [none]
[debug] [2024-02-10T15:50:04.723Z] >>> [apiv2][body] POST https://cloudresourcemanager.googleapis.com/v1/projects {"projectId":"Mandla Dyonase","name":"MyMobileDatabase"}
[debug] [2024-02-10T15:50:07.058Z] <<< [apiv2][status] POST https://cloudresourcemanager.googleapis.com/v1/projects 400
[debug] [2024-02-10T15:50:07.058Z] <<< [apiv2][body] POST https://cloudresourcemanager.googleapis.com/v1/projects {"error":{"code":400,"message":"field [project_id] has issue [project_id contains invalid characters]","status":"INVALID_ARGUMENT","details":[{"@type":"type.googleapis.com/google.rpc.BadRequest","fieldViolations":[{"field":"project_id","description":"project_id contains invalid characters"}]},{"@type":"type.googleapis.com/google.rpc.Help","links":[{"url":"https://cloud.google.com/resource-manager/reference/rest/v1/projects"}]}]}}
[debug] [2024-02-10T15:50:07.954Z] FirebaseError: HTTP Error: 400, field [project_id] has issue [project_id contains invalid characters]
    at responseToError (C:\Users\marsa\AppData\Roaming\npm\node_modules\firebase-tools\lib\responseToError.js:49:12)
    at RetryOperation._fn (C:\Users\marsa\AppData\Roaming\npm\node_modules\firebase-tools\lib\apiv2.js:292:77)
    at process.processTicksAndRejections (node:internal/process/task_queues:95:5)
[error] 
[error] Error: Failed to create project. See firebase-debug.log for more info.
